<?xml version="1.0" encoding="UTF-8"?>
<!-- Generated by org.testng.reporters.JUnitReportReporter -->
<testsuite skipped="0" hostname="VLAM10170317.local" name="tests.SmokeTest" tests="1" failures="0" timestamp="10 Jul 2018 14:15:42 GMT" time="6.458" errors="0">
  <testcase name="Smoke" time="6.458" classname="tests.SmokeTest"/>
</testsuite> <!-- tests.SmokeTest -->
