<?xml version="1.0" encoding="UTF-8"?>
<!-- Generated by org.testng.reporters.JUnitReportReporter -->
<testsuite skipped="0" hostname="VLAM10170317.local" name="tests.LoginTest" tests="6" failures="0" timestamp="02 Jul 2018 06:31:35 GMT" time="56.813" errors="0">
  <testcase name="validLogin" time="15.493" classname="tests.LoginTest"/>
  <testcase name="nonExistentEmail" time="11.140" classname="tests.LoginTest"/>
  <testcase name="blankEmail" time="7.472" classname="tests.LoginTest"/>
  <testcase name="invalidEmail" time="8.384" classname="tests.LoginTest"/>
  <testcase name="blankPassword" time="6.790" classname="tests.LoginTest"/>
  <testcase name="invalidPassword" time="7.534" classname="tests.LoginTest"/>
</testsuite> <!-- tests.LoginTest -->
